TN:
SF:src/modules/subusers/services/AuthenticateSubUserService.ts
FN:18,(anonymous_24)
FN:19,AuthenticateSubUserService
FN:24,(anonymous_26)
FNF:3
FNH:3
FNDA:1,(anonymous_24)
FNDA:4,AuthenticateSubUserService
FNDA:4,(anonymous_26)
DA:1,1
DA:2,1
DA:3,1
DA:4,1
DA:6,1
DA:7,1
DA:18,1
DA:21,4
DA:24,1
DA:25,4
DA:26,4
DA:27,4
DA:29,4
DA:31,4
DA:33,7
DA:34,2
DA:37,3
DA:38,3
DA:39,1
DA:45,2
DA:46,2
DA:47,1
DA:50,1
DA:51,1
DA:53,1
DA:58,1
DA:60,1
DA:61,1
LF:28
LH:28
BRDA:37,0,0,3
BRDA:33,1,0,3
BRDA:33,1,1,1
BRDA:38,2,0,1
BRDA:38,2,1,2
BRDA:46,3,0,1
BRDA:46,3,1,1
BRF:7
BRH:7
end_of_record
TN:
SF:src/modules/subusers/services/CreateSubUserService.ts
FN:12,(anonymous_24)
FN:13,CreateSubUserService
FN:18,(anonymous_26)
FNF:3
FNH:3
FNDA:5,(anonymous_24)
FNDA:10,CreateSubUserService
FNDA:11,(anonymous_26)
DA:1,5
DA:2,5
DA:5,5
DA:6,5
DA:7,5
DA:10,5
DA:12,5
DA:15,10
DA:18,5
DA:19,11
DA:20,11
DA:21,11
DA:22,11
DA:24,11
DA:25,1
DA:27,10
DA:34,10
DA:40,20
DA:42,10
DA:46,10
DA:47,1
DA:49,9
DA:50,9
DA:51,9
DA:53,9
DA:55,5
LF:26
LH:26
BRDA:24,0,0,1
BRDA:24,0,1,10
BRDA:46,1,0,1
BRDA:46,1,1,9
BRF:4
BRH:4
end_of_record
TN:
SF:src/modules/subusers/services/DeleteSubUserService.ts
FN:12,(anonymous_18)
FN:13,DeleteSubUserService
FN:18,(anonymous_20)
FNF:3
FNH:3
FNDA:1,(anonymous_18)
FNDA:4,DeleteSubUserService
FNDA:4,(anonymous_20)
DA:1,1
DA:2,1
DA:3,1
DA:12,1
DA:15,4
DA:18,4
DA:19,4
DA:20,1
DA:22,3
DA:23,1
DA:26,2
DA:28,2
DA:29,1
DA:31,2
DA:33,1
LF:15
LH:15
BRDA:19,0,0,1
BRDA:19,0,1,3
BRDA:22,1,0,1
BRDA:22,1,1,2
BRDA:28,2,0,1
BRDA:28,2,1,1
BRF:6
BRH:6
end_of_record
TN:
SF:src/modules/subusers/services/IndexSubUserService.ts
FN:13,(anonymous_18)
FN:14,IndexUserService
FN:19,(anonymous_20)
FNF:3
FNH:3
FNDA:1,(anonymous_18)
FNDA:5,IndexUserService
FNDA:5,(anonymous_20)
DA:1,1
DA:2,1
DA:3,1
DA:13,1
DA:16,5
DA:19,1
DA:20,5
DA:21,5
DA:23,5
DA:24,1
DA:26,6
DA:27,2
DA:28,2
DA:29,1
DA:31,1
DA:33,2
DA:34,2
DA:35,1
DA:37,1
DA:40,1
LF:20
LH:20
BRDA:33,0,0,2
BRDA:23,1,0,1
BRDA:23,1,1,4
BRDA:26,2,0,2
BRDA:26,2,1,2
BRDA:28,3,0,1
BRDA:28,3,1,1
BRDA:34,4,0,1
BRDA:34,4,1,1
BRF:9
BRH:9
end_of_record
TN:
SF:src/modules/subusers/services/UpdateSubUserService.ts
FN:11,(anonymous_24)
FN:12,default_1
FN:17,(anonymous_26)
FNF:3
FNH:3
FNDA:1,(anonymous_24)
FNDA:5,default_1
FNDA:5,(anonymous_26)
DA:1,1
DA:2,1
DA:3,1
DA:7,1
DA:8,1
DA:11,1
DA:14,5
DA:17,1
DA:18,5
DA:19,5
DA:20,5
DA:21,5
DA:22,5
DA:24,5
DA:25,1
DA:28,4
DA:29,1
DA:32,3
DA:33,1
DA:38,2
DA:46,2
DA:53,4
DA:55,2
DA:57,2
DA:58,1
DA:60,1
DA:61,1
DA:63,1
DA:64,1
DA:66,1
DA:67,1
DA:69,2
DA:70,1
DA:72,1
LF:34
LH:34
BRDA:24,0,0,1
BRDA:24,0,1,4
BRDA:28,1,0,1
BRDA:28,1,1,3
BRDA:32,2,0,1
BRDA:32,2,1,2
BRDA:32,3,0,3
BRDA:32,3,1,1
BRDA:32,3,2,1
BRDA:57,4,0,1
BRDA:57,4,1,1
BRDA:60,5,0,1
BRDA:60,5,1,0
BRDA:63,6,0,0
BRDA:63,6,1,1
BRDA:66,7,0,1
BRDA:66,7,1,0
BRF:17
BRH:14
end_of_record
TN:
SF:src/modules/users/services/AuthenticateUserService.ts
FN:20,(anonymous_24)
FN:21,AuthenticateUserService
FN:26,(anonymous_26)
FNF:3
FNH:3
FNDA:1,(anonymous_24)
FNDA:5,AuthenticateUserService
FNDA:5,(anonymous_26)
DA:1,1
DA:2,1
DA:3,1
DA:4,1
DA:6,1
DA:7,1
DA:20,1
DA:23,5
DA:26,5
DA:27,5
DA:29,5
DA:31,9
DA:32,2
DA:35,4
DA:36,4
DA:37,1
DA:39,3
DA:40,1
DA:47,2
DA:48,2
DA:49,1
DA:52,1
DA:54,1
DA:59,1
DA:61,1
DA:62,1
LF:26
LH:26
BRDA:35,0,0,4
BRDA:31,1,0,4
BRDA:31,1,1,1
BRDA:36,2,0,1
BRDA:36,2,1,3
BRDA:39,3,0,1
BRDA:39,3,1,2
BRDA:48,4,0,1
BRDA:48,4,1,1
BRF:9
BRH:9
end_of_record
TN:
SF:src/modules/users/services/ConfirmEmailService.ts
FN:8,(anonymous_17)
FN:9,ConfirmEmailService
FN:14,(anonymous_19)
FNF:3
FNH:3
FNDA:2,(anonymous_17)
FNDA:5,ConfirmEmailService
FNDA:5,(anonymous_19)
DA:1,2
DA:2,2
DA:4,2
DA:8,2
DA:11,5
DA:14,2
DA:15,5
DA:16,5
DA:17,1
DA:19,4
DA:20,4
DA:21,1
DA:23,3
DA:24,3
DA:25,3
DA:27,2
LF:16
LH:16
BRDA:16,0,0,1
BRDA:16,0,1,4
BRDA:20,1,0,1
BRDA:20,1,1,3
BRF:4
BRH:4
end_of_record
TN:
SF:src/modules/users/services/DeleteUserService.ts
FN:9,(anonymous_17)
FN:10,DeleteUserService
FN:15,(anonymous_19)
FNF:3
FNH:3
FNDA:1,(anonymous_17)
FNDA:3,DeleteUserService
FNDA:3,(anonymous_19)
DA:1,1
DA:2,1
DA:4,1
DA:6,1
DA:9,1
DA:12,3
DA:15,1
DA:16,3
DA:17,3
DA:18,1
DA:20,2
DA:21,2
DA:22,1
DA:24,1
DA:25,2
DA:27,1
DA:29,1
LF:17
LH:17
BRDA:17,0,0,1
BRDA:17,0,1,2
BRDA:21,1,0,1
BRDA:21,1,1,1
BRF:4
BRH:4
end_of_record
TN:
SF:src/modules/users/services/IndexUserService.ts
FN:7,(anonymous_18)
FN:8,IndexUserService
FN:13,(anonymous_20)
FNF:3
FNH:3
FNDA:1,(anonymous_18)
FNDA:4,IndexUserService
FNDA:4,(anonymous_20)
DA:1,1
DA:2,1
DA:7,1
DA:10,4
DA:13,1
DA:14,6
DA:15,2
DA:18,2
DA:19,1
DA:21,1
DA:23,2
DA:25,2
DA:26,1
DA:28,1
DA:30,1
DA:32,1
LF:16
LH:16
BRDA:23,0,0,2
BRDA:14,1,0,2
BRDA:14,1,1,2
BRDA:18,2,0,1
BRDA:18,2,1,1
BRDA:25,3,0,1
BRDA:25,3,1,1
BRF:7
BRH:7
end_of_record
TN:
SF:src/modules/users/services/SendConfirmationEmailService.ts
FN:16,(anonymous_20)
FN:17,(anonymous_22)
FNF:2
FNH:2
FNDA:4,(anonymous_20)
FNDA:3,(anonymous_22)
DA:1,1
DA:2,1
DA:3,1
DA:4,1
DA:5,1
DA:6,1
DA:7,1
DA:16,1
DA:17,1
DA:18,3
DA:19,3
DA:20,3
DA:21,3
DA:23,3
DA:24,6
DA:26,2
DA:27,1
DA:30,1
DA:34,1
DA:35,1
DA:36,1
DA:41,1
DA:43,1
DA:50,1
DA:52,1
DA:54,1
LF:26
LH:26
BRDA:26,0,0,1
BRDA:26,0,1,1
BRF:2
BRH:2
end_of_record
TN:
SF:src/modules/users/services/ShowUserService.ts
FN:9,(anonymous_18)
FN:10,ShowUserService
FN:15,(anonymous_20)
FNF:3
FNH:3
FNDA:1,(anonymous_18)
FNDA:3,ShowUserService
FNDA:3,(anonymous_20)
DA:1,1
DA:2,1
DA:3,1
DA:4,1
DA:9,1
DA:12,3
DA:15,1
DA:16,3
DA:17,1
DA:19,2
DA:20,2
DA:21,1
DA:23,1
DA:25,1
DA:26,1
LF:15
LH:15
BRDA:16,0,0,1
BRDA:16,0,1,2
BRDA:20,1,0,1
BRDA:20,1,1,1
BRF:4
BRH:4
end_of_record
TN:
SF:src/modules/users/services/UpdateUserService.ts
FN:21,(anonymous_24)
FN:22,UpdateUserService
FN:27,(anonymous_26)
FN:44,(anonymous_29)
FN:107,(anonymous_30)
FNF:5
FNH:5
FNDA:1,(anonymous_24)
FNDA:5,UpdateUserService
FNDA:5,(anonymous_26)
FNDA:6,(anonymous_29)
FNDA:2,(anonymous_30)
DA:1,1
DA:2,1
DA:6,1
DA:7,1
DA:8,1
DA:9,1
DA:21,1
DA:24,5
DA:27,1
DA:28,5
DA:29,5
DA:30,5
DA:31,5
DA:32,5
DA:33,5
DA:35,5
DA:36,5
DA:37,1
DA:39,4
DA:40,1
DA:44,3
DA:45,6
DA:47,3
DA:55,3
DA:67,3
DA:71,5
DA:72,1
DA:73,1
DA:76,1
DA:81,2
DA:83,2
DA:84,1
DA:85,1
DA:87,1
DA:90,1
DA:91,1
DA:93,1
DA:94,1
DA:96,1
DA:97,1
DA:99,1
DA:100,1
DA:102,1
DA:103,1
DA:104,1
DA:106,1
DA:108,2
DA:112,2
DA:113,1
DA:115,1
DA:117,1
LF:51
LH:51
BRDA:81,0,0,2
BRDA:36,1,0,1
BRDA:36,1,1,4
BRDA:39,2,0,1
BRDA:39,2,1,3
BRDA:39,3,0,4
BRDA:39,3,1,2
BRDA:39,3,2,1
BRDA:39,3,3,1
BRDA:39,3,4,1
BRDA:44,4,0,0
BRDA:44,4,1,3
BRDA:44,5,0,3
BRDA:44,5,1,3
BRDA:71,6,0,2
BRDA:71,6,1,1
BRDA:72,7,0,1
BRDA:72,7,1,0
BRDA:83,8,0,1
BRDA:83,8,1,1
BRDA:84,9,0,1
BRDA:84,9,1,0
BRDA:90,10,0,1
BRDA:90,10,1,0
BRDA:93,11,0,0
BRDA:93,11,1,1
BRDA:96,12,0,1
BRDA:96,12,1,0
BRDA:99,13,0,1
BRDA:99,13,1,0
BRDA:102,14,0,1
BRDA:102,14,1,0
BRDA:102,15,0,1
BRDA:102,15,1,1
BRF:34
BRH:26
end_of_record
