TN:
SF:src/modules/users/services/AuthenticateUserService.ts
FN:20,(anonymous_24)
FN:21,AuthenticateUserService
FN:26,(anonymous_26)
FNF:3
FNH:3
FNDA:1,(anonymous_24)
FNDA:5,AuthenticateUserService
FNDA:5,(anonymous_26)
DA:1,1
DA:2,1
DA:3,1
DA:4,1
DA:6,1
DA:7,1
DA:20,1
DA:23,5
DA:26,5
DA:27,5
DA:29,5
DA:30,5
DA:31,9
DA:32,2
DA:35,4
DA:36,4
DA:37,1
DA:39,3
DA:40,1
DA:47,2
DA:48,2
DA:49,1
DA:52,1
DA:54,1
DA:59,1
DA:61,1
DA:62,1
LF:27
LH:27
BRDA:35,0,0,4
BRDA:31,1,0,4
BRDA:31,1,1,1
BRDA:36,2,0,1
BRDA:36,2,1,3
BRDA:39,3,0,1
BRDA:39,3,1,2
BRDA:48,4,0,1
BRDA:48,4,1,1
BRF:9
BRH:9
end_of_record
TN:
SF:src/modules/users/services/ConfirmEmailService.ts
FN:8,(anonymous_17)
FN:9,ConfirmEmailService
FN:14,(anonymous_19)
FNF:3
FNH:3
FNDA:2,(anonymous_17)
FNDA:5,ConfirmEmailService
FNDA:5,(anonymous_19)
DA:1,2
DA:2,2
DA:4,2
DA:8,2
DA:11,5
DA:14,2
DA:15,5
DA:16,5
DA:17,1
DA:19,4
DA:20,4
DA:21,1
DA:23,3
DA:24,3
DA:25,3
DA:27,2
LF:16
LH:16
BRDA:16,0,0,1
BRDA:16,0,1,4
BRDA:20,1,0,1
BRDA:20,1,1,3
BRF:4
BRH:4
end_of_record
TN:
SF:src/modules/users/services/DeleteUserService.ts
FN:9,(anonymous_17)
FN:10,DeleteUserService
FN:15,(anonymous_19)
FNF:3
FNH:3
FNDA:1,(anonymous_17)
FNDA:3,DeleteUserService
FNDA:3,(anonymous_19)
DA:1,1
DA:2,1
DA:4,1
DA:6,1
DA:9,1
DA:12,3
DA:15,1
DA:16,3
DA:17,3
DA:18,1
DA:20,2
DA:21,2
DA:22,1
DA:24,1
DA:25,2
DA:27,1
DA:29,1
LF:17
LH:17
BRDA:17,0,0,1
BRDA:17,0,1,2
BRDA:21,1,0,1
BRDA:21,1,1,1
BRF:4
BRH:4
end_of_record
TN:
SF:src/modules/users/services/IndexUserService.ts
FN:7,(anonymous_18)
FN:8,IndexUserService
FN:13,(anonymous_20)
FNF:3
FNH:3
FNDA:1,(anonymous_18)
FNDA:4,IndexUserService
FNDA:4,(anonymous_20)
DA:1,1
DA:2,1
DA:7,1
DA:10,4
DA:13,1
DA:14,6
DA:15,2
DA:18,2
DA:19,1
DA:21,1
DA:23,2
DA:25,2
DA:26,1
DA:28,1
DA:30,1
DA:32,1
LF:16
LH:16
BRDA:23,0,0,2
BRDA:14,1,0,2
BRDA:14,1,1,2
BRDA:18,2,0,1
BRDA:18,2,1,1
BRDA:25,3,0,1
BRDA:25,3,1,1
BRF:7
BRH:7
end_of_record
TN:
SF:src/modules/users/services/SendConfirmationEmailService.ts
FN:16,(anonymous_20)
FN:17,(anonymous_22)
FNF:2
FNH:2
FNDA:4,(anonymous_20)
FNDA:3,(anonymous_22)
DA:1,1
DA:2,1
DA:3,1
DA:4,1
DA:5,1
DA:6,1
DA:7,1
DA:16,1
DA:17,1
DA:18,3
DA:19,3
DA:20,3
DA:21,3
DA:23,3
DA:24,6
DA:26,2
DA:27,1
DA:30,1
DA:34,1
DA:35,1
DA:36,1
DA:41,1
DA:43,1
DA:50,1
DA:52,1
DA:54,1
LF:26
LH:26
BRDA:26,0,0,1
BRDA:26,0,1,1
BRF:2
BRH:2
end_of_record
TN:
SF:src/modules/users/services/ShowUserService.ts
FN:9,(anonymous_18)
FN:10,ShowUserService
FN:15,(anonymous_20)
FNF:3
FNH:3
FNDA:1,(anonymous_18)
FNDA:3,ShowUserService
FNDA:3,(anonymous_20)
DA:1,1
DA:2,1
DA:3,1
DA:4,1
DA:9,1
DA:12,3
DA:15,1
DA:16,3
DA:17,1
DA:19,2
DA:20,2
DA:21,1
DA:23,1
DA:25,1
DA:26,1
LF:15
LH:15
BRDA:16,0,0,1
BRDA:16,0,1,2
BRDA:20,1,0,1
BRDA:20,1,1,1
BRF:4
BRH:4
end_of_record
TN:
SF:src/modules/users/services/UpdateUserService.ts
FN:20,(anonymous_24)
FN:21,UpdateUserService
FN:26,(anonymous_26)
FN:38,(anonymous_29)
FN:101,(anonymous_30)
FNF:5
FNH:5
FNDA:1,(anonymous_24)
FNDA:4,UpdateUserService
FNDA:4,(anonymous_26)
FNDA:6,(anonymous_29)
FNDA:2,(anonymous_30)
DA:1,1
DA:2,1
DA:6,1
DA:7,1
DA:8,1
DA:20,1
DA:23,4
DA:26,1
DA:27,4
DA:28,4
DA:29,4
DA:30,4
DA:31,4
DA:32,4
DA:34,4
DA:35,4
DA:36,1
DA:38,3
DA:39,6
DA:41,3
DA:49,3
DA:61,3
DA:65,5
DA:66,1
DA:67,1
DA:70,1
DA:75,2
DA:77,2
DA:78,1
DA:79,1
DA:81,1
DA:84,1
DA:85,1
DA:87,1
DA:88,1
DA:90,1
DA:91,1
DA:93,1
DA:94,1
DA:96,1
DA:97,1
DA:98,1
DA:100,1
DA:102,2
DA:106,2
DA:107,1
DA:109,1
DA:111,1
LF:48
LH:48
BRDA:75,0,0,2
BRDA:35,1,0,1
BRDA:35,1,1,3
BRDA:38,2,0,0
BRDA:38,2,1,3
BRDA:38,3,0,3
BRDA:38,3,1,3
BRDA:65,4,0,2
BRDA:65,4,1,1
BRDA:66,5,0,1
BRDA:66,5,1,0
BRDA:77,6,0,1
BRDA:77,6,1,1
BRDA:78,7,0,1
BRDA:78,7,1,0
BRDA:84,8,0,1
BRDA:84,8,1,0
BRDA:87,9,0,1
BRDA:87,9,1,0
BRDA:90,10,0,1
BRDA:90,10,1,0
BRDA:93,11,0,1
BRDA:93,11,1,0
BRDA:96,12,0,1
BRDA:96,12,1,0
BRDA:96,13,0,1
BRDA:96,13,1,1
BRF:27
BRH:19
end_of_record
